<?xml version="1.0" encoding="UTF-8"?>
<!-- Generated by org.testng.reporters.JUnitXMLReporter -->
<testsuite hostname="DESKTOP-O2IJE2R" name="SmokeTestInventory" tests="44" failures="0" timestamp="24 Apr 2021 12:11:17 GMT" time="3.594" errors="0">
  <testcase name="@BeforeTest beforeTestLogin" time="0.0" classname="krawler.erp.testCases.Inventory.BaseSetUp">
    <failure type="org.openqa.selenium.WebDriverException" message="Returned value cannot be converted to WebElement: {stacktrace=Backtrace:
	Ordinal0 [0x00E7A903+1550595]
	Ordinal0 [0x00DFA701+1025793]
	Ordinal0 [0x00D7C58E+509326]
	Ordinal0 [0x00D10FB9+69561]
	Ordinal0 [0x00D28DD7+167383]
	Ordinal0 [0x00D277F2+161778]
	Ordinal0 [0x00D273CA+160714]
	Ordinal0 [0x00D0221E+8734]
	Ordinal0 [0x00D02606+9734]
	Ordinal0 [0x00D02C80+11392]
	Ordinal0 [0x00E142C7+1131207]
	GetHandleVerifier [0x00F170FD+523789]
	GetHandleVerifier [0x00F16E90+523168]
	GetHandleVerifier [0x00F1E1E7+552695]
	GetHandleVerifier [0x00F178FA+525834]
	Ordinal0 [0x00E0B7FC+1095676]
	Ordinal0 [0x00D02053+8275]
	Ordinal0 [0x00D01DA7+7591]
	GetHandleVerifier [0x0127A3BC+4075724]
	BaseThreadInitThunk [0x7648FA29+25]
	RtlGetAppContainerNamedObjectPath [0x77C47A4E+286]
	RtlGetAppContainerNamedObjectPath [0x77C47A1E+238]
, error=invalid session id, message=invalid session id}
Build info: version: &amp;apos;3.0.1&amp;apos;, revision: &amp;apos;1969d75&amp;apos;, time: &amp;apos;2016-10-18 09:49:13 -0700&amp;apos;
System info: host: &amp;apos;DESKTOP-O2IJE2R&amp;apos;, ip: &amp;apos;192.168.43.19&amp;apos;, os.name: &amp;apos;Windows 10&amp;apos;, os.arch: &amp;apos;amd64&amp;apos;, os.version: &amp;apos;10.0&amp;apos;, java.version: &amp;apos;1.8.0_131&amp;apos;
Driver info: driver.version: RemoteWebDriver">
      <![CDATA[org.openqa.selenium.WebDriverException: Returned value cannot be converted to WebElement: {stacktrace=Backtrace:
	Ordinal0 [0x00E7A903+1550595]
	Ordinal0 [0x00DFA701+1025793]
	Ordinal0 [0x00D7C58E+509326]
	Ordinal0 [0x00D10FB9+69561]
	Ordinal0 [0x00D28DD7+167383]
	Ordinal0 [0x00D277F2+161778]
	Ordinal0 [0x00D273CA+160714]
	Ordinal0 [0x00D0221E+8734]
	Ordinal0 [0x00D02606+9734]
	Ordinal0 [0x00D02C80+11392]
	Ordinal0 [0x00E142C7+1131207]
	GetHandleVerifier [0x00F170FD+523789]
	GetHandleVerifier [0x00F16E90+523168]
	GetHandleVerifier [0x00F1E1E7+552695]
	GetHandleVerifier [0x00F178FA+525834]
	Ordinal0 [0x00E0B7FC+1095676]
	Ordinal0 [0x00D02053+8275]
	Ordinal0 [0x00D01DA7+7591]
	GetHandleVerifier [0x0127A3BC+4075724]
	BaseThreadInitThunk [0x7648FA29+25]
	RtlGetAppContainerNamedObjectPath [0x77C47A4E+286]
	RtlGetAppContainerNamedObjectPath [0x77C47A1E+238]
, error=invalid session id, message=invalid session id}
Build info: version: '3.0.1', revision: '1969d75', time: '2016-10-18 09:49:13 -0700'
System info: host: 'DESKTOP-O2IJE2R', ip: '192.168.43.19', os.name: 'Windows 10', os.arch: 'amd64', os.version: '10.0', java.version: '1.8.0_131'
Driver info: driver.version: RemoteWebDriver
	at org.openqa.selenium.remote.RemoteWebDriver.findElement(RemoteWebDriver.java:375)
	at org.openqa.selenium.remote.RemoteWebDriver.findElementByXPath(RemoteWebDriver.java:473)
	at org.openqa.selenium.By$ByXPath.findElement(By.java:361)
	at org.openqa.selenium.remote.RemoteWebDriver.findElement(RemoteWebDriver.java:360)
	at org.openqa.selenium.support.ui.ExpectedConditions.findElement(ExpectedConditions.java:895)
	at org.openqa.selenium.support.ui.ExpectedConditions.access$000(ExpectedConditions.java:41)
	at org.openqa.selenium.support.ui.ExpectedConditions$7.apply(ExpectedConditions.java:205)
	at org.openqa.selenium.support.ui.ExpectedConditions$7.apply(ExpectedConditions.java:201)
	at org.openqa.selenium.support.ui.ExpectedConditions$22.apply(ExpectedConditions.java:651)
	at org.openqa.selenium.support.ui.ExpectedConditions$22.apply(ExpectedConditions.java:644)
	at org.openqa.selenium.support.ui.FluentWait.until(FluentWait.java:238)
	at krawler.erp.page.Utilities.enterTextNormalBox(Utilities.java:340)
	at krawler.erp.page.Login.loginERP(Login.java:25)
	at krawler.erp.testCases.Inventory.BaseSetUp.beforeTestLogin(BaseSetUp.java:37)
Caused by: java.lang.ClassCastException: com.google.common.collect.Maps$TransformedEntriesMap cannot be cast to org.openqa.selenium.WebElement
	at org.openqa.selenium.remote.RemoteWebDriver.findElement(RemoteWebDriver.java:373)
	... 36 more
... Removed 23 stack frames]]>
    </failure>
  </testcase> <!-- @BeforeTest beforeTestLogin -->
  <testcase name="@BeforeMethod expander" time="0.0" classname="krawler.erp.testCases.Inventory.InventoryModule">
    <skipped/>
  </testcase> <!-- @BeforeMethod expander -->
  <testcase name="@AfterMethod afterMethod" time="0.0" classname="krawler.erp.testCases.Inventory.InventoryModule">
    <skipped/>
  </testcase> <!-- @AfterMethod afterMethod -->
  <testcase name="@BeforeMethod expander" time="0.0" classname="krawler.erp.testCases.Inventory.InventoryModule">
    <skipped/>
  </testcase> <!-- @BeforeMethod expander -->
  <testcase name="@AfterMethod afterMethod" time="0.0" classname="krawler.erp.testCases.Inventory.InventoryModule">
    <skipped/>
  </testcase> <!-- @AfterMethod afterMethod -->
  <testcase name="@BeforeMethod expander" time="0.0" classname="krawler.erp.testCases.Inventory.InventoryModule">
    <skipped/>
  </testcase> <!-- @BeforeMethod expander -->
  <testcase name="@AfterMethod afterMethod" time="0.0" classname="krawler.erp.testCases.Inventory.InventoryModule">
    <skipped/>
  </testcase> <!-- @AfterMethod afterMethod -->
  <testcase name="@BeforeMethod expander" time="0.0" classname="krawler.erp.testCases.Inventory.InventoryModule">
    <skipped/>
  </testcase> <!-- @BeforeMethod expander -->
  <testcase name="@AfterMethod afterMethod" time="0.0" classname="krawler.erp.testCases.Inventory.InventoryModule">
    <skipped/>
  </testcase> <!-- @AfterMethod afterMethod -->
  <testcase name="@BeforeMethod expander" time="0.0" classname="krawler.erp.testCases.Inventory.InventoryModule">
    <skipped/>
  </testcase> <!-- @BeforeMethod expander -->
  <testcase name="@AfterMethod afterMethod" time="0.0" classname="krawler.erp.testCases.Inventory.InventoryModule">
    <skipped/>
  </testcase> <!-- @AfterMethod afterMethod -->
  <testcase name="@BeforeMethod expander" time="0.0" classname="krawler.erp.testCases.Inventory.InventoryModule">
    <skipped/>
  </testcase> <!-- @BeforeMethod expander -->
  <testcase name="@AfterMethod afterMethod" time="0.0" classname="krawler.erp.testCases.Inventory.InventoryModule">
    <skipped/>
  </testcase> <!-- @AfterMethod afterMethod -->
  <testcase name="@BeforeMethod expander" time="0.0" classname="krawler.erp.testCases.Inventory.InventoryModule">
    <skipped/>
  </testcase> <!-- @BeforeMethod expander -->
  <testcase name="@AfterMethod afterMethod" time="0.0" classname="krawler.erp.testCases.Inventory.InventoryModule">
    <skipped/>
  </testcase> <!-- @AfterMethod afterMethod -->
  <testcase name="@BeforeMethod expander" time="0.0" classname="krawler.erp.testCases.Inventory.InventoryModule">
    <skipped/>
  </testcase> <!-- @BeforeMethod expander -->
  <testcase name="@AfterMethod afterMethod" time="0.0" classname="krawler.erp.testCases.Inventory.InventoryModule">
    <skipped/>
  </testcase> <!-- @AfterMethod afterMethod -->
  <testcase name="@BeforeMethod expander" time="0.0" classname="krawler.erp.testCases.Inventory.InventoryModule">
    <skipped/>
  </testcase> <!-- @BeforeMethod expander -->
  <testcase name="@AfterMethod afterMethod" time="0.0" classname="krawler.erp.testCases.Inventory.InventoryModule">
    <skipped/>
  </testcase> <!-- @AfterMethod afterMethod -->
  <testcase name="@BeforeMethod expander" time="0.0" classname="krawler.erp.testCases.Inventory.InventoryModule">
    <skipped/>
  </testcase> <!-- @BeforeMethod expander -->
  <testcase name="@AfterMethod afterMethod" time="0.0" classname="krawler.erp.testCases.Inventory.InventoryModule">
    <skipped/>
  </testcase> <!-- @AfterMethod afterMethod -->
  <testcase name="@BeforeMethod expander" time="0.0" classname="krawler.erp.testCases.Inventory.InventoryModule">
    <skipped/>
  </testcase> <!-- @BeforeMethod expander -->
  <testcase name="@AfterMethod afterMethod" time="0.0" classname="krawler.erp.testCases.Inventory.InventoryModule">
    <skipped/>
  </testcase> <!-- @AfterMethod afterMethod -->
  <testcase name="@BeforeMethod expander" time="0.0" classname="krawler.erp.testCases.Inventory.InventoryModule">
    <skipped/>
  </testcase> <!-- @BeforeMethod expander -->
  <testcase name="@AfterMethod afterMethod" time="0.0" classname="krawler.erp.testCases.Inventory.InventoryModule">
    <skipped/>
  </testcase> <!-- @AfterMethod afterMethod -->
  <testcase name="@BeforeMethod expander" time="0.0" classname="krawler.erp.testCases.Inventory.InventoryModule">
    <skipped/>
  </testcase> <!-- @BeforeMethod expander -->
  <testcase name="@AfterMethod afterMethod" time="0.0" classname="krawler.erp.testCases.Inventory.InventoryModule">
    <skipped/>
  </testcase> <!-- @AfterMethod afterMethod -->
  <testcase name="@BeforeMethod expander" time="0.0" classname="krawler.erp.testCases.Inventory.InventoryModule">
    <skipped/>
  </testcase> <!-- @BeforeMethod expander -->
  <testcase name="@AfterMethod afterMethod" time="0.0" classname="krawler.erp.testCases.Inventory.InventoryModule">
    <skipped/>
  </testcase> <!-- @AfterMethod afterMethod -->
  <testcase name="@BeforeMethod expander" time="0.0" classname="krawler.erp.testCases.Inventory.InventoryModule">
    <skipped/>
  </testcase> <!-- @BeforeMethod expander -->
  <testcase name="@AfterMethod afterMethod" time="0.0" classname="krawler.erp.testCases.Inventory.InventoryModule">
    <skipped/>
  </testcase> <!-- @AfterMethod afterMethod -->
  <testcase name="@BeforeMethod expander" time="0.0" classname="krawler.erp.testCases.Inventory.InventoryModule">
    <skipped/>
  </testcase> <!-- @BeforeMethod expander -->
  <testcase name="@AfterMethod afterMethod" time="0.0" classname="krawler.erp.testCases.Inventory.InventoryModule">
    <skipped/>
  </testcase> <!-- @AfterMethod afterMethod -->
  <testcase name="@BeforeMethod expander" time="0.0" classname="krawler.erp.testCases.Inventory.InventoryModule">
    <skipped/>
  </testcase> <!-- @BeforeMethod expander -->
  <testcase name="@AfterMethod afterMethod" time="0.0" classname="krawler.erp.testCases.Inventory.InventoryModule">
    <skipped/>
  </testcase> <!-- @AfterMethod afterMethod -->
  <testcase name="@BeforeMethod expander" time="0.0" classname="krawler.erp.testCases.Inventory.InventoryModule">
    <skipped/>
  </testcase> <!-- @BeforeMethod expander -->
  <testcase name="@AfterMethod afterMethod" time="0.0" classname="krawler.erp.testCases.Inventory.InventoryModule">
    <skipped/>
  </testcase> <!-- @AfterMethod afterMethod -->
  <testcase name="@BeforeMethod expander" time="0.0" classname="krawler.erp.testCases.Inventory.InventoryModule">
    <skipped/>
  </testcase> <!-- @BeforeMethod expander -->
  <testcase name="@AfterMethod afterMethod" time="0.0" classname="krawler.erp.testCases.Inventory.InventoryModule">
    <skipped/>
  </testcase> <!-- @AfterMethod afterMethod -->
  <testcase name="@BeforeMethod expander" time="0.0" classname="krawler.erp.testCases.Inventory.InventoryModule">
    <skipped/>
  </testcase> <!-- @BeforeMethod expander -->
  <testcase name="@AfterMethod afterMethod" time="0.0" classname="krawler.erp.testCases.Inventory.InventoryModule">
    <skipped/>
  </testcase> <!-- @AfterMethod afterMethod -->
  <testcase name="@BeforeMethod expander" time="0.0" classname="krawler.erp.testCases.Inventory.InventoryModule">
    <skipped/>
  </testcase> <!-- @BeforeMethod expander -->
  <testcase name="@AfterMethod afterMethod" time="0.0" classname="krawler.erp.testCases.Inventory.InventoryModule">
    <skipped/>
  </testcase> <!-- @AfterMethod afterMethod -->
  <testcase name="@BeforeMethod expander" time="0.0" classname="krawler.erp.testCases.Inventory.InventoryModule">
    <skipped/>
  </testcase> <!-- @BeforeMethod expander -->
  <testcase name="@AfterMethod afterMethod" time="0.0" classname="krawler.erp.testCases.Inventory.InventoryModule">
    <skipped/>
  </testcase> <!-- @AfterMethod afterMethod -->
  <testcase name="@BeforeMethod expander" time="0.0" classname="krawler.erp.testCases.Inventory.InventoryModule">
    <skipped/>
  </testcase> <!-- @BeforeMethod expander -->
  <testcase name="@AfterMethod afterMethod" time="0.0" classname="krawler.erp.testCases.Inventory.InventoryModule">
    <skipped/>
  </testcase> <!-- @AfterMethod afterMethod -->
  <testcase name="@BeforeMethod expander" time="0.0" classname="krawler.erp.testCases.Inventory.InventoryModule">
    <skipped/>
  </testcase> <!-- @BeforeMethod expander -->
  <testcase name="@AfterMethod afterMethod" time="0.0" classname="krawler.erp.testCases.Inventory.InventoryModule">
    <skipped/>
  </testcase> <!-- @AfterMethod afterMethod -->
  <testcase name="@BeforeMethod expander" time="0.0" classname="krawler.erp.testCases.Inventory.ERPModule">
    <skipped/>
  </testcase> <!-- @BeforeMethod expander -->
  <testcase name="@AfterMethod afterMethod" time="0.0" classname="krawler.erp.testCases.Inventory.ERPModule">
    <skipped/>
  </testcase> <!-- @AfterMethod afterMethod -->
  <testcase name="@BeforeMethod expander" time="0.0" classname="krawler.erp.testCases.Inventory.ERPModule">
    <skipped/>
  </testcase> <!-- @BeforeMethod expander -->
  <testcase name="@AfterMethod afterMethod" time="0.0" classname="krawler.erp.testCases.Inventory.ERPModule">
    <skipped/>
  </testcase> <!-- @AfterMethod afterMethod -->
  <testcase name="@BeforeMethod expander" time="0.0" classname="krawler.erp.testCases.Inventory.ERPModule">
    <skipped/>
  </testcase> <!-- @BeforeMethod expander -->
  <testcase name="@AfterMethod afterMethod" time="0.0" classname="krawler.erp.testCases.Inventory.ERPModule">
    <skipped/>
  </testcase> <!-- @AfterMethod afterMethod -->
  <testcase name="@BeforeMethod expander" time="0.0" classname="krawler.erp.testCases.Inventory.ERPModule">
    <skipped/>
  </testcase> <!-- @BeforeMethod expander -->
  <testcase name="@AfterMethod afterMethod" time="0.0" classname="krawler.erp.testCases.Inventory.ERPModule">
    <skipped/>
  </testcase> <!-- @AfterMethod afterMethod -->
  <testcase name="@BeforeMethod expander" time="0.0" classname="krawler.erp.testCases.Inventory.ERPModule">
    <skipped/>
  </testcase> <!-- @BeforeMethod expander -->
  <testcase name="@AfterMethod afterMethod" time="0.0" classname="krawler.erp.testCases.Inventory.ERPModule">
    <skipped/>
  </testcase> <!-- @AfterMethod afterMethod -->
  <testcase name="@BeforeMethod expander" time="0.0" classname="krawler.erp.testCases.Inventory.ERPModule">
    <skipped/>
  </testcase> <!-- @BeforeMethod expander -->
  <testcase name="@AfterMethod afterMethod" time="0.0" classname="krawler.erp.testCases.Inventory.ERPModule">
    <skipped/>
  </testcase> <!-- @AfterMethod afterMethod -->
  <testcase name="@BeforeMethod expander" time="0.0" classname="krawler.erp.testCases.Inventory.ERPModule">
    <skipped/>
  </testcase> <!-- @BeforeMethod expander -->
  <testcase name="@AfterMethod afterMethod" time="0.0" classname="krawler.erp.testCases.Inventory.ERPModule">
    <skipped/>
  </testcase> <!-- @AfterMethod afterMethod -->
  <testcase name="@BeforeMethod expander" time="0.0" classname="krawler.erp.testCases.Inventory.ERPModule">
    <skipped/>
  </testcase> <!-- @BeforeMethod expander -->
  <testcase name="@AfterMethod afterMethod" time="0.0" classname="krawler.erp.testCases.Inventory.ERPModule">
    <skipped/>
  </testcase> <!-- @AfterMethod afterMethod -->
  <testcase name="@BeforeMethod expander" time="0.0" classname="krawler.erp.testCases.Inventory.ERPModule">
    <skipped/>
  </testcase> <!-- @BeforeMethod expander -->
  <testcase name="@AfterMethod afterMethod" time="0.0" classname="krawler.erp.testCases.Inventory.ERPModule">
    <skipped/>
  </testcase> <!-- @AfterMethod afterMethod -->
  <testcase name="@BeforeMethod expander" time="0.0" classname="krawler.erp.testCases.Inventory.ERPModule">
    <skipped/>
  </testcase> <!-- @BeforeMethod expander -->
  <testcase name="@AfterMethod afterMethod" time="0.0" classname="krawler.erp.testCases.Inventory.ERPModule">
    <skipped/>
  </testcase> <!-- @AfterMethod afterMethod -->
  <testcase name="@BeforeMethod expander" time="0.0" classname="krawler.erp.testCases.Inventory.BuildAssembly">
    <skipped/>
  </testcase> <!-- @BeforeMethod expander -->
  <testcase name="@AfterMethod afterMethod" time="0.0" classname="krawler.erp.testCases.Inventory.BuildAssembly">
    <skipped/>
  </testcase> <!-- @AfterMethod afterMethod -->
  <testcase name="@BeforeMethod expander" time="0.0" classname="krawler.erp.testCases.Inventory.BuildAssembly">
    <skipped/>
  </testcase> <!-- @BeforeMethod expander -->
  <testcase name="@AfterMethod afterMethod" time="0.0" classname="krawler.erp.testCases.Inventory.BuildAssembly">
    <skipped/>
  </testcase> <!-- @AfterMethod afterMethod -->
  <testcase name="@BeforeMethod expander" time="0.0" classname="krawler.erp.testCases.Inventory.BuildAssembly">
    <skipped/>
  </testcase> <!-- @BeforeMethod expander -->
  <testcase name="@AfterMethod afterMethod" time="0.0" classname="krawler.erp.testCases.Inventory.BuildAssembly">
    <skipped/>
  </testcase> <!-- @AfterMethod afterMethod -->
  <testcase name="@BeforeMethod expander" time="0.0" classname="krawler.erp.testCases.Inventory.BuildAssembly">
    <skipped/>
  </testcase> <!-- @BeforeMethod expander -->
  <testcase name="@AfterMethod afterMethod" time="0.0" classname="krawler.erp.testCases.Inventory.BuildAssembly">
    <skipped/>
  </testcase> <!-- @AfterMethod afterMethod -->
  <testcase name="@BeforeMethod expander" time="0.0" classname="krawler.erp.testCases.Inventory.BuildAssembly">
    <skipped/>
  </testcase> <!-- @BeforeMethod expander -->
  <testcase name="@AfterMethod afterMethod" time="0.0" classname="krawler.erp.testCases.Inventory.BuildAssembly">
    <skipped/>
  </testcase> <!-- @AfterMethod afterMethod -->
  <testcase name="@BeforeMethod expander" time="0.0" classname="krawler.erp.testCases.Inventory.BuildAssembly">
    <skipped/>
  </testcase> <!-- @BeforeMethod expander -->
  <testcase name="@AfterMethod afterMethod" time="0.0" classname="krawler.erp.testCases.Inventory.BuildAssembly">
    <skipped/>
  </testcase> <!-- @AfterMethod afterMethod -->
  <testcase name="@BeforeMethod expander" time="0.0" classname="krawler.erp.testCases.Inventory.BuildAssembly">
    <skipped/>
  </testcase> <!-- @BeforeMethod expander -->
  <testcase name="@AfterMethod afterMethod" time="0.0" classname="krawler.erp.testCases.Inventory.BuildAssembly">
    <skipped/>
  </testcase> <!-- @AfterMethod afterMethod -->
  <testcase name="@BeforeMethod expander" time="0.0" classname="krawler.erp.testCases.Inventory.BuildAssembly">
    <skipped/>
  </testcase> <!-- @BeforeMethod expander -->
  <testcase name="@AfterMethod afterMethod" time="0.0" classname="krawler.erp.testCases.Inventory.BuildAssembly">
    <skipped/>
  </testcase> <!-- @AfterMethod afterMethod -->
  <testcase name="@BeforeMethod expander" time="0.0" classname="krawler.erp.testCases.Inventory.BuildAssembly">
    <skipped/>
  </testcase> <!-- @BeforeMethod expander -->
  <testcase name="@AfterMethod afterMethod" time="0.0" classname="krawler.erp.testCases.Inventory.BuildAssembly">
    <skipped/>
  </testcase> <!-- @AfterMethod afterMethod -->
  <testcase name="@BeforeMethod expander" time="0.0" classname="krawler.erp.testCases.Inventory.BuildAssembly">
    <skipped/>
  </testcase> <!-- @BeforeMethod expander -->
  <testcase name="@AfterMethod afterMethod" time="0.0" classname="krawler.erp.testCases.Inventory.BuildAssembly">
    <skipped/>
  </testcase> <!-- @AfterMethod afterMethod -->
  <testcase name="@AfterTest afterTest" time="0.0" classname="krawler.erp.testCases.Inventory.BaseSetUp">
    <skipped/>
  </testcase> <!-- @AfterTest afterTest -->
  <testcase name="create_Vendor" time="0.002" classname="krawler.erp.testCases.Inventory.InventoryModule">
    <skipped/>
  </testcase> <!-- create_Vendor -->
  <testcase name="customerMaster" time="0.001" classname="krawler.erp.testCases.Inventory.InventoryModule">
    <skipped/>
  </testcase> <!-- customerMaster -->
  <testcase name="Create_INV_NormalProduct" time="0.001" classname="krawler.erp.testCases.Inventory.InventoryModule">
    <skipped/>
  </testcase> <!-- Create_INV_NormalProduct -->
  <testcase name="create_abProduct" time="0.001" classname="krawler.erp.testCases.Inventory.InventoryModule">
    <skipped/>
  </testcase> <!-- create_abProduct -->
  <testcase name="create_AssemblyProduct" time="0.001" classname="krawler.erp.testCases.Inventory.InventoryModule">
    <skipped/>
  </testcase> <!-- create_AssemblyProduct -->
  <testcase name="Create_ERP_NormalProduct" time="0.001" classname="krawler.erp.testCases.Inventory.InventoryModule">
    <skipped/>
  </testcase> <!-- Create_ERP_NormalProduct -->
  <testcase name="StockIN_without_QA" time="0.001" classname="krawler.erp.testCases.Inventory.InventoryModule">
    <skipped/>
  </testcase> <!-- StockIN_without_QA -->
  <testcase name="StockOUT_without_QA" time="0.003" classname="krawler.erp.testCases.Inventory.InventoryModule">
    <skipped/>
  </testcase> <!-- StockOUT_without_QA -->
  <testcase name="StockSales_without_QA" time="0.001" classname="krawler.erp.testCases.Inventory.InventoryModule">
    <skipped/>
  </testcase> <!-- StockSales_without_QA -->
  <testcase name="Create_StockIn_withQA" time="0.001" classname="krawler.erp.testCases.Inventory.InventoryModule">
    <skipped/>
  </testcase> <!-- Create_StockIn_withQA -->
  <testcase name="QA_ApprovalApproveReject" time="0.002" classname="krawler.erp.testCases.Inventory.InventoryModule">
    <skipped/>
  </testcase> <!-- QA_ApprovalApproveReject -->
  <testcase name="StockRepair_ApproveReject" time="0.001" classname="krawler.erp.testCases.Inventory.InventoryModule">
    <skipped/>
  </testcase> <!-- StockRepair_ApproveReject -->
  <testcase name="create_StockRequest" time="0.004" classname="krawler.erp.testCases.Inventory.InventoryModule">
    <skipped/>
  </testcase> <!-- create_StockRequest -->
  <testcase name="StockRequest_IssueandCollect" time="0.001" classname="krawler.erp.testCases.Inventory.InventoryModule">
    <skipped/>
  </testcase> <!-- StockRequest_IssueandCollect -->
  <testcase name="validate_StockRequest" time="0.001" classname="krawler.erp.testCases.Inventory.InventoryModule">
    <skipped/>
  </testcase> <!-- validate_StockRequest -->
  <testcase name="create_StockIssue" time="0.001" classname="krawler.erp.testCases.Inventory.InventoryModule">
    <skipped/>
  </testcase> <!-- create_StockIssue -->
  <testcase name="validate_StockIssue" time="0.001" classname="krawler.erp.testCases.Inventory.InventoryModule">
    <skipped/>
  </testcase> <!-- validate_StockIssue -->
  <testcase name="create_InterStoreStockTransfer" time="0.0" classname="krawler.erp.testCases.Inventory.InventoryModule">
    <skipped/>
  </testcase> <!-- create_InterStoreStockTransfer -->
  <testcase name="acceptANDreturn_InterStoreStockTransfer" time="0.001" classname="krawler.erp.testCases.Inventory.InventoryModule">
    <skipped/>
  </testcase> <!-- acceptANDreturn_InterStoreStockTransfer -->
  <testcase name="validate_InterStoreStockTransfer" time="0.0" classname="krawler.erp.testCases.Inventory.InventoryModule">
    <skipped/>
  </testcase> <!-- validate_InterStoreStockTransfer -->
  <testcase name="create_InterLocationStockTransfer" time="0.001" classname="krawler.erp.testCases.Inventory.InventoryModule">
    <skipped/>
  </testcase> <!-- create_InterLocationStockTransfer -->
  <testcase name="validate_InterLocationStockTransfer" time="0.0" classname="krawler.erp.testCases.Inventory.InventoryModule">
    <skipped/>
  </testcase> <!-- validate_InterLocationStockTransfer -->
  <testcase name="testCycleCountCalendar" time="0.001" classname="krawler.erp.testCases.Inventory.InventoryModule">
    <skipped/>
  </testcase> <!-- testCycleCountCalendar -->
  <testcase name="testCycleCountForm" time="0.001" classname="krawler.erp.testCases.Inventory.InventoryModule">
    <skipped/>
  </testcase> <!-- testCycleCountForm -->
  <testcase name="create_GRNwithoutQA" time="0.009" classname="krawler.erp.testCases.Inventory.ERPModule">
    <skipped/>
  </testcase> <!-- create_GRNwithoutQA -->
  <testcase name="create_GRNwithQA" time="0.002" classname="krawler.erp.testCases.Inventory.ERPModule">
    <skipped/>
  </testcase> <!-- create_GRNwithQA -->
  <testcase name="GRN_QAapproveANDreject" time="0.0" classname="krawler.erp.testCases.Inventory.ERPModule">
    <skipped/>
  </testcase> <!-- GRN_QAapproveANDreject -->
  <testcase name="GRN_QA_Repair" time="0.001" classname="krawler.erp.testCases.Inventory.ERPModule">
    <skipped/>
  </testcase> <!-- GRN_QA_Repair -->
  <testcase name="validate_GRN" time="0.0" classname="krawler.erp.testCases.Inventory.ERPModule">
    <skipped/>
  </testcase> <!-- validate_GRN -->
  <testcase name="create_DeleiveryOrder_woQA" time="0.001" classname="krawler.erp.testCases.Inventory.ERPModule">
    <skipped/>
  </testcase> <!-- create_DeleiveryOrder_woQA -->
  <testcase name="create_DeleiveryOrder_withQA" time="0.002" classname="krawler.erp.testCases.Inventory.ERPModule">
    <skipped/>
  </testcase> <!-- create_DeleiveryOrder_withQA -->
  <testcase name="DO_QAapproveANDreject" time="0.0" classname="krawler.erp.testCases.Inventory.ERPModule">
    <skipped/>
  </testcase> <!-- DO_QAapproveANDreject -->
  <testcase name="DO_QARepair_ApproveandReject" time="0.001" classname="krawler.erp.testCases.Inventory.ERPModule">
    <skipped/>
  </testcase> <!-- DO_QARepair_ApproveandReject -->
  <testcase name="create_PurchaseReturn" time="0.001" classname="krawler.erp.testCases.Inventory.ERPModule">
    <skipped/>
  </testcase> <!-- create_PurchaseReturn -->
  <testcase name="create_AutoBuildDO" time="0.0" classname="krawler.erp.testCases.Inventory.BuildAssembly">
    <skipped/>
  </testcase> <!-- create_AutoBuildDO -->
  <testcase name="create_AutoBuildCS" time="0.001" classname="krawler.erp.testCases.Inventory.BuildAssembly">
    <skipped/>
  </testcase> <!-- create_AutoBuildCS -->
  <testcase name="create_AutoBuildSI" time="0.0" classname="krawler.erp.testCases.Inventory.BuildAssembly">
    <skipped/>
  </testcase> <!-- create_AutoBuildSI -->
  <testcase name="create_JobWorkOut_Order" time="0.001" classname="krawler.erp.testCases.Inventory.BuildAssembly">
    <skipped/>
  </testcase> <!-- create_JobWorkOut_Order -->
  <testcase name="createANDverify_JobWorkOut_StockTransfer" time="0.0" classname="krawler.erp.testCases.Inventory.BuildAssembly">
    <skipped/>
  </testcase> <!-- createANDverify_JobWorkOut_StockTransfer -->
  <testcase name="verify_JobWorkOut_Order" time="0.0" classname="krawler.erp.testCases.Inventory.BuildAssembly">
    <skipped/>
  </testcase> <!-- verify_JobWorkOut_Order -->
  <testcase name="createANDverify_JobWorkOut_GR" time="0.024" classname="krawler.erp.testCases.Inventory.BuildAssembly">
    <skipped/>
  </testcase> <!-- createANDverify_JobWorkOut_GR -->
  <testcase name="createANDverify_JobWorkOut_PI" time="0.001" classname="krawler.erp.testCases.Inventory.BuildAssembly">
    <skipped/>
  </testcase> <!-- createANDverify_JobWorkOut_PI -->
  <testcase name="create_buildAssemble" time="0.002" classname="krawler.erp.testCases.Inventory.BuildAssembly">
    <skipped/>
  </testcase> <!-- create_buildAssemble -->
  <testcase name="create_UNbuildAssemble" time="0.002" classname="krawler.erp.testCases.Inventory.BuildAssembly">
    <skipped/>
  </testcase> <!-- create_UNbuildAssemble -->
</testsuite> <!-- SmokeTestInventory -->
